Unable to capture context for thread 484 in process 4948, can not generate back trace
Unable to capture context for thread 7584 in process 4948, can not generate back trace
Exception at PC 0x00007FFEF2B5871C
Unable to capture context for thread 4836 in process 4948, can not generate back trace
Unable to capture context for thread 6172 in process 4948, can not generate back trace
Exception at PC 0x00007FFEA707BB93
Printing stacktrace...

Unable to capture context for thread 6172 in process 4948, can not generate back trace
Exception at PC 0x00007FFEF2B5871C
Exception at PC 0x00007FFEF2B5871C
Exception at PC 0x00007FFEF2B5871C
Exception at PC 0x00007FFEF2B5871C
Exception at PC 0x00007FFEF2B5871C
Exception at PC 0x00007FFEF2B5871C
Exception at PC 0x00007FFEF2B5871C
Exception at PC 0x00007FFEF2B5871C
Exception at PC 0x00007FFEF2B5871C
Exception at PC 0x00007FFEF2B5871C
Exception at PC 0x00007FFEF2B5871C
Exception at PC 0x00007FFEF2B5871C
Exception at PC 0x00007FFEF2B5871C
Exception at PC 0x00007FFEF2B5871C
Exception at PC 0x00007FFEF2B5871C
Exception at PC 0x00007FFEF2B5871C
[0]  [0x00007FFEA707BB93]
[1]  [0x00007FFEA707BB93]
[2]  [0x00007FFEA707B4A1]
[3]  [0x00007FFEA707B3EF]
[4]  [0x00007FFEA70619FE]
[5]  [0x00007FFEA7060ED1]
[6]  [0x00007FFEA7060D76]
[7]  [0x00007FFEA70079F6]
[8]  [0x00007FFEA6FF7AFB]
[9]  [0x00007FFEA711E90A]
[10]  [0x00007FFEA7139F87]
[11]  [0x00007FFEA713A05F]
[12] (BaseThreadInitThunk+0xd) [0x00007FFEF34E16AD]
[13] (RtlUserThreadStart+0x34) [0x00007FFEF57C5464]
Done
